#! /usr/local/bin/vvp
:ivl_version "13.0 (devel)" "(s20250103-26-gb0c57ab17)";
:ivl_delay_selection "TYPICAL";
:vpi_time_precision + 0;
:vpi_module "/usr/local/lib/ivl/system.vpi";
:vpi_module "/usr/local/lib/ivl/vhdl_sys.vpi";
:vpi_module "/usr/local/lib/ivl/vhdl_textio.vpi";
:vpi_module "/usr/local/lib/ivl/v2005_math.vpi";
:vpi_module "/usr/local/lib/ivl/va_math.vpi";
S_0x55f75ff18f70 .scope module, "calculadora_sincrona" "calculadora_sincrona" 2 1;
 .timescale 0 0;
    .port_info 0 /INPUT 8 "entrada";
    .port_info 1 /INPUT 3 "codigo";
    .port_info 2 /INPUT 1 "clk";
    .port_info 3 /INPUT 1 "rst";
    .port_info 4 /OUTPUT 8 "saida";
P_0x55f75ff19100 .param/l "MOSTRAR_AC" 0 2 13, C4<011>;
P_0x55f75ff19140 .param/l "MOSTRAR_ENTRADA" 0 2 10, C4<000>;
P_0x55f75ff19180 .param/l "SOMAR" 0 2 11, C4<001>;
P_0x55f75ff191c0 .param/l "SUBTRAIR" 0 2 12, C4<010>;
v0x55f75ff404d0_0 .var "_saida", 7 0;
v0x55f75ff67800_0 .var "acc", 7 0;
o0x7f2e8ff00078 .functor BUFZ 1, c4<z>; HiZ drive
v0x55f75ff678e0_0 .net "clk", 0 0, o0x7f2e8ff00078;  0 drivers
o0x7f2e8ff000a8 .functor BUFZ 3, c4<zzz>; HiZ drive
v0x55f75ff679b0_0 .net "codigo", 2 0, o0x7f2e8ff000a8;  0 drivers
o0x7f2e8ff000d8 .functor BUFZ 8, c4<zzzzzzzz>; HiZ drive
v0x55f75ff67a90_0 .net "entrada", 7 0, o0x7f2e8ff000d8;  0 drivers
v0x55f75ff67bc0_0 .var "estado", 2 0;
o0x7f2e8ff00138 .functor BUFZ 1, c4<z>; HiZ drive
v0x55f75ff67ca0_0 .net "rst", 0 0, o0x7f2e8ff00138;  0 drivers
v0x55f75ff67d60_0 .var "saida", 7 0;
E_0x55f75ff52e30 .event posedge, v0x55f75ff678e0_0, v0x55f75ff67ca0_0;
E_0x55f75ff51a60 .event anyedge, v0x55f75ff67a90_0, v0x55f75ff679b0_0;
    .scope S_0x55f75ff18f70;
T_0 ;
    %wait E_0x55f75ff51a60;
    %load/vec4 v0x55f75ff679b0_0;
    %store/vec4 v0x55f75ff67bc0_0, 0, 3;
    %load/vec4 v0x55f75ff679b0_0;
    %dup/vec4;
    %pushi/vec4 1, 0, 3;
    %cmp/u;
    %jmp/1 T_0.0, 6;
    %dup/vec4;
    %pushi/vec4 2, 0, 3;
    %cmp/u;
    %jmp/1 T_0.1, 6;
    %dup/vec4;
    %pushi/vec4 3, 0, 3;
    %cmp/u;
    %jmp/1 T_0.2, 6;
    %jmp T_0.3;
T_0.0 ;
    %load/vec4 v0x55f75ff67a90_0;
    %load/vec4 v0x55f75ff67800_0;
    %add;
    %store/vec4 v0x55f75ff67d60_0, 0, 8;
    %load/vec4 v0x55f75ff67d60_0;
    %store/vec4 v0x55f75ff404d0_0, 0, 8;
    %jmp T_0.3;
T_0.1 ;
    %load/vec4 v0x55f75ff67800_0;
    %load/vec4 v0x55f75ff67a90_0;
    %sub;
    %store/vec4 v0x55f75ff67d60_0, 0, 8;
    %load/vec4 v0x55f75ff67d60_0;
    %store/vec4 v0x55f75ff404d0_0, 0, 8;
    %jmp T_0.3;
T_0.2 ;
    %load/vec4 v0x55f75ff67800_0;
    %store/vec4 v0x55f75ff404d0_0, 0, 8;
    %jmp T_0.3;
T_0.3 ;
    %pop/vec4 1;
    %jmp T_0;
    .thread T_0, $push;
    .scope S_0x55f75ff18f70;
T_1 ;
    %wait E_0x55f75ff52e30;
    %load/vec4 v0x55f75ff67ca0_0;
    %flag_set/vec4 8;
    %jmp/0xz  T_1.0, 8;
    %pushi/vec4 0, 0, 8;
    %store/vec4 v0x55f75ff67800_0, 0, 8;
    %pushi/vec4 0, 0, 8;
    %store/vec4 v0x55f75ff67d60_0, 0, 8;
    %jmp T_1.1;
T_1.0 ;
    %load/vec4 v0x55f75ff67bc0_0;
    %dup/vec4;
    %pushi/vec4 0, 0, 3;
    %cmp/u;
    %jmp/1 T_1.2, 6;
    %dup/vec4;
    %pushi/vec4 1, 0, 3;
    %cmp/u;
    %jmp/1 T_1.3, 6;
    %dup/vec4;
    %pushi/vec4 2, 0, 3;
    %cmp/u;
    %jmp/1 T_1.4, 6;
    %dup/vec4;
    %pushi/vec4 3, 0, 3;
    %cmp/u;
    %jmp/1 T_1.5, 6;
    %jmp T_1.6;
T_1.2 ;
    %load/vec4 v0x55f75ff404d0_0;
    %store/vec4 v0x55f75ff67d60_0, 0, 8;
    %jmp T_1.6;
T_1.3 ;
    %load/vec4 v0x55f75ff67800_0;
    %load/vec4 v0x55f75ff404d0_0;
    %add;
    %store/vec4 v0x55f75ff67800_0, 0, 8;
    %pushi/vec4 0, 0, 8;
    %store/vec4 v0x55f75ff67d60_0, 0, 8;
    %jmp T_1.6;
T_1.4 ;
    %load/vec4 v0x55f75ff67800_0;
    %load/vec4 v0x55f75ff404d0_0;
    %sub;
    %store/vec4 v0x55f75ff67800_0, 0, 8;
    %pushi/vec4 0, 0, 8;
    %store/vec4 v0x55f75ff67d60_0, 0, 8;
    %jmp T_1.6;
T_1.5 ;
    %load/vec4 v0x55f75ff404d0_0;
    %store/vec4 v0x55f75ff67d60_0, 0, 8;
    %jmp T_1.6;
T_1.6 ;
    %pop/vec4 1;
T_1.1 ;
    %jmp T_1;
    .thread T_1;
# The file index is used to find the file name in the following table.
:file_names 3;
    "N/A";
    "<interactive>";
    "calculadora_sincrona.v";
